\BOOKMARK [0][-]{chapter.1}{\376\377\0001\000\040\000N\000a\000m\000e\000s\000p\000a\000c\000e\000\040\000I\000n\000d\000e\000x}{}% 1
\BOOKMARK [1][-]{section.1.1}{\376\377\0001\000.\0001\000\040\000N\000a\000m\000e\000s\000p\000a\000c\000e\000\040\000L\000i\000s\000t}{chapter.1}% 2
\BOOKMARK [0][-]{chapter.2}{\376\377\0002\000\040\000H\000i\000e\000r\000a\000r\000c\000h\000i\000c\000a\000l\000\040\000I\000n\000d\000e\000x}{}% 3
\BOOKMARK [1][-]{section.2.1}{\376\377\0002\000.\0001\000\040\000C\000l\000a\000s\000s\000\040\000H\000i\000e\000r\000a\000r\000c\000h\000y}{chapter.2}% 4
\BOOKMARK [0][-]{chapter.3}{\376\377\0003\000\040\000D\000a\000t\000a\000\040\000S\000t\000r\000u\000c\000t\000u\000r\000e\000\040\000I\000n\000d\000e\000x}{}% 5
\BOOKMARK [1][-]{section.3.1}{\376\377\0003\000.\0001\000\040\000D\000a\000t\000a\000\040\000S\000t\000r\000u\000c\000t\000u\000r\000e\000s}{chapter.3}% 6
\BOOKMARK [0][-]{chapter.4}{\376\377\0004\000\040\000F\000i\000l\000e\000\040\000I\000n\000d\000e\000x}{}% 7
\BOOKMARK [1][-]{section.4.1}{\376\377\0004\000.\0001\000\040\000F\000i\000l\000e\000\040\000L\000i\000s\000t}{chapter.4}% 8
\BOOKMARK [0][-]{chapter.5}{\376\377\0005\000\040\000N\000a\000m\000e\000s\000p\000a\000c\000e\000\040\000D\000o\000c\000u\000m\000e\000n\000t\000a\000t\000i\000o\000n}{}% 9
\BOOKMARK [1][-]{section.5.1}{\376\377\0005\000.\0001\000\040\000\137\000\137\000m\000a\000i\000n\000\137\000\137\000\040\000N\000a\000m\000e\000s\000p\000a\000c\000e\000\040\000R\000e\000f\000e\000r\000e\000n\000c\000e}{chapter.5}% 10
\BOOKMARK [2][-]{subsection.5.1.1}{\376\377\0005\000.\0001\000.\0001\000\040\000F\000u\000n\000c\000t\000i\000o\000n\000\040\000D\000o\000c\000u\000m\000e\000n\000t\000a\000t\000i\000o\000n}{section.5.1}% 11
\BOOKMARK [3][-]{subsubsection.5.1.1.1}{\376\377\0005\000.\0001\000.\0001\000.\0001\000\040\000s\000t\000a\000r\000t\000S\000e\000r\000v\000e\000r\000\050\000\051}{subsection.5.1.1}% 12
\BOOKMARK [3][-]{subsubsection.5.1.1.2}{\376\377\0005\000.\0001\000.\0001\000.\0002\000\040\000w\000h\000i\000l\000e\000t\000r\000u\000e\000\050\000\051}{subsection.5.1.1}% 13
\BOOKMARK [2][-]{subsection.5.1.2}{\376\377\0005\000.\0001\000.\0002\000\040\000V\000a\000r\000i\000a\000b\000l\000e\000\040\000D\000o\000c\000u\000m\000e\000n\000t\000a\000t\000i\000o\000n}{section.5.1}% 14
\BOOKMARK [3][-]{subsubsection.5.1.2.1}{\376\377\0005\000.\0001\000.\0002\000.\0001\000\040\000d\000b}{subsection.5.1.2}% 15
\BOOKMARK [3][-]{subsubsection.5.1.2.2}{\376\377\0005\000.\0001\000.\0002\000.\0002\000\040\000d\000b\000c}{subsection.5.1.2}% 16
\BOOKMARK [3][-]{subsubsection.5.1.2.3}{\376\377\0005\000.\0001\000.\0002\000.\0003\000\040\000g\000a\000m\000e\000R\000u\000n\000n\000i\000n\000g}{subsection.5.1.2}% 17
\BOOKMARK [3][-]{subsubsection.5.1.2.4}{\376\377\0005\000.\0001\000.\0002\000.\0004\000\040\000g\000o}{subsection.5.1.2}% 18
\BOOKMARK [3][-]{subsubsection.5.1.2.5}{\376\377\0005\000.\0001\000.\0002\000.\0005\000\040\000s\000q\000l}{subsection.5.1.2}% 19
\BOOKMARK [3][-]{subsubsection.5.1.2.6}{\376\377\0005\000.\0001\000.\0002\000.\0006\000\040\000t\000h\000r\000e\000a\000d}{subsection.5.1.2}% 20
\BOOKMARK [3][-]{subsubsection.5.1.2.7}{\376\377\0005\000.\0001\000.\0002\000.\0007\000\040\000w\000h\000i\000l\000e\000t\000r\000u\000e\000t\000h\000r\000e\000a\000d}{subsection.5.1.2}% 21
\BOOKMARK [1][-]{section.5.2}{\376\377\0005\000.\0002\000\040\000g\000a\000m\000e\000\040\000N\000a\000m\000e\000s\000p\000a\000c\000e\000\040\000R\000e\000f\000e\000r\000e\000n\000c\000e}{chapter.5}% 22
\BOOKMARK [1][-]{section.5.3}{\376\377\0005\000.\0003\000\040\000g\000a\000m\000e\000.\000g\000a\000m\000e\000\040\000N\000a\000m\000e\000s\000p\000a\000c\000e\000\040\000R\000e\000f\000e\000r\000e\000n\000c\000e}{chapter.5}% 23
\BOOKMARK [1][-]{section.5.4}{\376\377\0005\000.\0004\000\040\000g\000a\000m\000e\000.\000i\0002\000c\000\040\000N\000a\000m\000e\000s\000p\000a\000c\000e\000\040\000R\000e\000f\000e\000r\000e\000n\000c\000e}{chapter.5}% 24
\BOOKMARK [2][-]{subsection.5.4.1}{\376\377\0005\000.\0004\000.\0001\000\040\000F\000u\000n\000c\000t\000i\000o\000n\000\040\000D\000o\000c\000u\000m\000e\000n\000t\000a\000t\000i\000o\000n}{section.5.4}% 25
\BOOKMARK [3][-]{subsubsection.5.4.1.1}{\376\377\0005\000.\0004\000.\0001\000.\0001\000\040\000g\000e\000t\000A\000c\000t\000i\000v\000e\000T\000i\000m\000e\000C\000o\000l\000o\000r\000\050\000\051}{subsection.5.4.1}% 26
\BOOKMARK [3][-]{subsubsection.5.4.1.2}{\376\377\0005\000.\0004\000.\0001\000.\0002\000\040\000g\000e\000t\000A\000v\000e\000r\000a\000g\000e\000\050\000\051}{subsection.5.4.1}% 27
\BOOKMARK [3][-]{subsubsection.5.4.1.3}{\376\377\0005\000.\0004\000.\0001\000.\0003\000\040\000g\000e\000t\000P\000a\000s\000s\000i\000v\000e\000T\000i\000m\000e\000C\000o\000l\000o\000r\000\050\000\051}{subsection.5.4.1}% 28
\BOOKMARK [3][-]{subsubsection.5.4.1.4}{\376\377\0005\000.\0004\000.\0001\000.\0004\000\040\000i\000n\000i\000t\000i\000a\000l\000i\000z\000e\000\050\000\051}{subsection.5.4.1}% 29
\BOOKMARK [3][-]{subsubsection.5.4.1.5}{\376\377\0005\000.\0004\000.\0001\000.\0005\000\040\000r\000e\000a\000d\000b\000a\000l\000l\000s\000\050\000\051}{subsection.5.4.1}% 30
\BOOKMARK [3][-]{subsubsection.5.4.1.6}{\376\377\0005\000.\0004\000.\0001\000.\0006\000\040\000r\000e\000a\000d\000S\000e\000n\000s\000o\000r\000\050\000\051}{subsection.5.4.1}% 31
\BOOKMARK [3][-]{subsubsection.5.4.1.7}{\376\377\0005\000.\0004\000.\0001\000.\0007\000\040\000r\000e\000s\000e\000t\000A\000v\000e\000r\000a\000g\000e\000\050\000\051}{subsection.5.4.1}% 32
\BOOKMARK [3][-]{subsubsection.5.4.1.8}{\376\377\0005\000.\0004\000.\0001\000.\0008\000\040\000s\000e\000t\000A\000c\000t\000i\000v\000e\000T\000i\000m\000e\000C\000o\000l\000o\000r\000\050\000\051}{subsection.5.4.1}% 33
\BOOKMARK [3][-]{subsubsection.5.4.1.9}{\376\377\0005\000.\0004\000.\0001\000.\0009\000\040\000s\000e\000t\000B\000a\000l\000l\000s\000L\000e\000d\000s\000\050\000\051}{subsection.5.4.1}% 34
\BOOKMARK [3][-]{subsubsection.5.4.1.10}{\376\377\0005\000.\0004\000.\0001\000.\0001\0000\000\040\000s\000e\000t\000H\000e\000a\000d\000s\000e\000t\000C\000o\000l\000o\000r\000\050\000\051}{subsection.5.4.1}% 35
\BOOKMARK [3][-]{subsubsection.5.4.1.11}{\376\377\0005\000.\0004\000.\0001\000.\0001\0001\000\040\000s\000e\000t\000i\000n\000p\000u\000t\000s\000\050\000\051}{subsection.5.4.1}% 36
\BOOKMARK [3][-]{subsubsection.5.4.1.12}{\376\377\0005\000.\0004\000.\0001\000.\0001\0002\000\040\000s\000e\000t\000L\000e\000d\000S\000t\000r\000i\000p\000T\000i\000m\000e\000\050\000\051}{subsection.5.4.1}% 37
\BOOKMARK [3][-]{subsubsection.5.4.1.13}{\376\377\0005\000.\0004\000.\0001\000.\0001\0003\000\040\000s\000e\000t\000P\000a\000s\000s\000i\000v\000e\000T\000i\000m\000e\000C\000o\000l\000o\000r\000\050\000\051}{subsection.5.4.1}% 38
\BOOKMARK [3][-]{subsubsection.5.4.1.14}{\376\377\0005\000.\0004\000.\0001\000.\0001\0004\000\040\000s\000t\000a\000r\000t\000g\000a\000m\000e\000\050\000\051}{subsection.5.4.1}% 39
\BOOKMARK [2][-]{subsection.5.4.2}{\376\377\0005\000.\0004\000.\0002\000\040\000V\000a\000r\000i\000a\000b\000l\000e\000\040\000D\000o\000c\000u\000m\000e\000n\000t\000a\000t\000i\000o\000n}{section.5.4}% 40
\BOOKMARK [3][-]{subsubsection.5.4.2.1}{\376\377\0005\000.\0004\000.\0002\000.\0001\000\040\000a\000d\000d\000r\000e\000s\000s}{subsection.5.4.2}% 41
\BOOKMARK [3][-]{subsubsection.5.4.2.2}{\376\377\0005\000.\0004\000.\0002\000.\0002\000\040\000a\000v\000e\000r\000a\000g\000e\000c\000o\000u\000n\000t\000e\000r}{subsection.5.4.2}% 42
\BOOKMARK [3][-]{subsubsection.5.4.2.3}{\376\377\0005\000.\0004\000.\0002\000.\0003\000\040\000b\000u\000s}{subsection.5.4.2}% 43
\BOOKMARK [3][-]{subsubsection.5.4.2.4}{\376\377\0005\000.\0004\000.\0002\000.\0004\000\040\000h\000o\000l\000e\000s\0001}{subsection.5.4.2}% 44
\BOOKMARK [3][-]{subsubsection.5.4.2.5}{\376\377\0005\000.\0004\000.\0002\000.\0005\000\040\000h\000o\000l\000e\000s\0002}{subsection.5.4.2}% 45
\BOOKMARK [3][-]{subsubsection.5.4.2.6}{\376\377\0005\000.\0004\000.\0002\000.\0006\000\040\000L\000E\000D\000\137\000B\000R\000I\000G\000H\000T\000N\000E\000S\000S}{subsection.5.4.2}% 46
\BOOKMARK [3][-]{subsubsection.5.4.2.7}{\376\377\0005\000.\0004\000.\0002\000.\0007\000\040\000L\000E\000D\000\137\000C\000O\000U\000N\000T}{subsection.5.4.2}% 47
\BOOKMARK [3][-]{subsubsection.5.4.2.8}{\376\377\0005\000.\0004\000.\0002\000.\0008\000\040\000L\000E\000D\000\137\000D\000M\000A}{subsection.5.4.2}% 48
\BOOKMARK [3][-]{subsubsection.5.4.2.9}{\376\377\0005\000.\0004\000.\0002\000.\0009\000\040\000L\000E\000D\000\137\000F\000R\000E\000Q\000\137\000H\000Z}{subsection.5.4.2}% 49
\BOOKMARK [3][-]{subsubsection.5.4.2.10}{\376\377\0005\000.\0004\000.\0002\000.\0001\0000\000\040\000L\000E\000D\000\137\000I\000N\000V\000E\000R\000T}{subsection.5.4.2}% 50
\BOOKMARK [3][-]{subsubsection.5.4.2.11}{\376\377\0005\000.\0004\000.\0002\000.\0001\0001\000\040\000L\000E\000D\000\137\000P\000I\000N}{subsection.5.4.2}% 51
\BOOKMARK [3][-]{subsubsection.5.4.2.12}{\376\377\0005\000.\0004\000.\0002\000.\0001\0002\000\040\000p\0001\000a\000c\000t\000i\000v\000e}{subsection.5.4.2}% 52
\BOOKMARK [3][-]{subsubsection.5.4.2.13}{\376\377\0005\000.\0004\000.\0002\000.\0001\0003\000\040\000p\0001\000p\000a\000s\000s\000i\000v\000e}{subsection.5.4.2}% 53
\BOOKMARK [3][-]{subsubsection.5.4.2.14}{\376\377\0005\000.\0004\000.\0002\000.\0001\0004\000\040\000p\0002\000a\000c\000t\000i\000v\000e}{subsection.5.4.2}% 54
\BOOKMARK [3][-]{subsubsection.5.4.2.15}{\376\377\0005\000.\0004\000.\0002\000.\0001\0005\000\040\000p\0002\000p\000a\000s\000s\000i\000v\000e}{subsection.5.4.2}% 55
\BOOKMARK [3][-]{subsubsection.5.4.2.16}{\376\377\0005\000.\0004\000.\0002\000.\0001\0006\000\040\000s\000e\000n\000s\000o\000r\0001}{subsection.5.4.2}% 56
\BOOKMARK [3][-]{subsubsection.5.4.2.17}{\376\377\0005\000.\0004\000.\0002\000.\0001\0007\000\040\000s\000e\000n\000s\000o\000r\0001\000A\000v\000e\000r\000a\000g\000e}{subsection.5.4.2}% 57
\BOOKMARK [3][-]{subsubsection.5.4.2.18}{\376\377\0005\000.\0004\000.\0002\000.\0001\0008\000\040\000s\000e\000n\000s\000o\000r\0002}{subsection.5.4.2}% 58
\BOOKMARK [3][-]{subsubsection.5.4.2.19}{\376\377\0005\000.\0004\000.\0002\000.\0001\0009\000\040\000s\000e\000n\000s\000o\000r\0002\000A\000v\000e\000r\000a\000g\000e}{subsection.5.4.2}% 59
\BOOKMARK [3][-]{subsubsection.5.4.2.20}{\376\377\0005\000.\0004\000.\0002\000.\0002\0000\000\040\000s\000t\000r\000i\000p}{subsection.5.4.2}% 60
\BOOKMARK [3][-]{subsubsection.5.4.2.21}{\376\377\0005\000.\0004\000.\0002\000.\0002\0001\000\040\000t\000e\000l\000l\000e\000r\0001}{subsection.5.4.2}% 61
\BOOKMARK [3][-]{subsubsection.5.4.2.22}{\376\377\0005\000.\0004\000.\0002\000.\0002\0002\000\040\000t\000e\000l\000l\000e\000r\0002}{subsection.5.4.2}% 62
\BOOKMARK [1][-]{section.5.5}{\376\377\0005\000.\0005\000\040\000g\000a\000m\000e\000.\000P\000l\000a\000y\000e\000r\000\040\000N\000a\000m\000e\000s\000p\000a\000c\000e\000\040\000R\000e\000f\000e\000r\000e\000n\000c\000e}{chapter.5}% 63
\BOOKMARK [1][-]{section.5.6}{\376\377\0005\000.\0006\000\040\000w\000e\000b\000B\000a\000c\000k\000\040\000N\000a\000m\000e\000s\000p\000a\000c\000e\000\040\000R\000e\000f\000e\000r\000e\000n\000c\000e}{chapter.5}% 64
\BOOKMARK [2][-]{subsection.5.6.1}{\376\377\0005\000.\0006\000.\0001\000\040\000F\000u\000n\000c\000t\000i\000o\000n\000\040\000D\000o\000c\000u\000m\000e\000n\000t\000a\000t\000i\000o\000n}{section.5.6}% 65
\BOOKMARK [3][-]{subsubsection.5.6.1.1}{\376\377\0005\000.\0006\000.\0001\000.\0001\000\040\000d\000e\000b\000u\000g\000\050\000\051}{subsection.5.6.1}% 66
\BOOKMARK [3][-]{subsubsection.5.6.1.2}{\376\377\0005\000.\0006\000.\0001\000.\0002\000\040\000g\000a\000m\000e\000I\000n\000f\000o\000\050\000\051}{subsection.5.6.1}% 67
\BOOKMARK [3][-]{subsubsection.5.6.1.3}{\376\377\0005\000.\0006\000.\0001\000.\0003\000\040\000i\000n\000d\000e\000x\000\050\000\051}{subsection.5.6.1}% 68
\BOOKMARK [3][-]{subsubsection.5.6.1.4}{\376\377\0005\000.\0006\000.\0001\000.\0004\000\040\000i\000n\000G\000a\000m\000e\000\050\000\051}{subsection.5.6.1}% 69
\BOOKMARK [3][-]{subsubsection.5.6.1.5}{\376\377\0005\000.\0006\000.\0001\000.\0005\000\040\000s\000e\000n\000d\000\137\000c\000s\000s\000\050\000\051}{subsection.5.6.1}% 70
\BOOKMARK [3][-]{subsubsection.5.6.1.6}{\376\377\0005\000.\0006\000.\0001\000.\0006\000\040\000s\000e\000n\000d\000\137\000f\000o\000n\000t\000s\000\050\000\051}{subsection.5.6.1}% 71
\BOOKMARK [3][-]{subsubsection.5.6.1.7}{\376\377\0005\000.\0006\000.\0001\000.\0007\000\040\000s\000e\000n\000d\000\137\000j\000s\000\050\000\051}{subsection.5.6.1}% 72
\BOOKMARK [3][-]{subsubsection.5.6.1.8}{\376\377\0005\000.\0006\000.\0001\000.\0008\000\040\000s\000e\000n\000d\000\137\000p\000i\000c\000s\000\050\000\051}{subsection.5.6.1}% 73
\BOOKMARK [3][-]{subsubsection.5.6.1.9}{\376\377\0005\000.\0006\000.\0001\000.\0009\000\040\000s\000e\000n\000d\000\137\000p\000i\000c\000s\000\137\000s\000t\000a\000t\000s\000\050\000\051}{subsection.5.6.1}% 74
\BOOKMARK [3][-]{subsubsection.5.6.1.10}{\376\377\0005\000.\0006\000.\0001\000.\0001\0000\000\040\000s\000t\000a\000r\000t\000g\000a\000m\000e\000\050\000\051}{subsection.5.6.1}% 75
\BOOKMARK [3][-]{subsubsection.5.6.1.11}{\376\377\0005\000.\0006\000.\0001\000.\0001\0001\000\040\000s\000t\000a\000r\000t\000I\000n\000f\000o\000\050\000\051}{subsection.5.6.1}% 76
\BOOKMARK [3][-]{subsubsection.5.6.1.12}{\376\377\0005\000.\0006\000.\0001\000.\0001\0002\000\040\000s\000t\000a\000t\000i\000n\000f\000o\000\050\000\051}{subsection.5.6.1}% 77
\BOOKMARK [3][-]{subsubsection.5.6.1.13}{\376\377\0005\000.\0006\000.\0001\000.\0001\0003\000\040\000s\000t\000a\000t\000s\000\050\000\051}{subsection.5.6.1}% 78
\BOOKMARK [2][-]{subsection.5.6.2}{\376\377\0005\000.\0006\000.\0002\000\040\000V\000a\000r\000i\000a\000b\000l\000e\000\040\000D\000o\000c\000u\000m\000e\000n\000t\000a\000t\000i\000o\000n}{section.5.6}% 79
\BOOKMARK [3][-]{subsubsection.5.6.2.1}{\376\377\0005\000.\0006\000.\0002\000.\0001\000\040\000a\000p\000p}{subsection.5.6.2}% 80
\BOOKMARK [3][-]{subsubsection.5.6.2.2}{\376\377\0005\000.\0006\000.\0002\000.\0002\000\040\000d\000e\000b\000u\000g}{subsection.5.6.2}% 81
\BOOKMARK [3][-]{subsubsection.5.6.2.3}{\376\377\0005\000.\0006\000.\0002\000.\0003\000\040\000n\000o\000F\000u\000r\000t\000h\000e\000r\000R\000e\000q\000u\000e\000s\000t\000s}{subsection.5.6.2}% 82
\BOOKMARK [3][-]{subsubsection.5.6.2.4}{\376\377\0005\000.\0006\000.\0002\000.\0004\000\040\000t\000h\000r\000e\000a\000d\000e\000d}{subsection.5.6.2}% 83
\BOOKMARK [3][-]{subsubsection.5.6.2.5}{\376\377\0005\000.\0006\000.\0002\000.\0005\000\040\000u\000s\000e\000\137\000r\000e\000l\000o\000a\000d\000e\000r}{subsection.5.6.2}% 84
\BOOKMARK [0][-]{chapter.6}{\376\377\0006\000\040\000D\000a\000t\000a\000\040\000S\000t\000r\000u\000c\000t\000u\000r\000e\000\040\000D\000o\000c\000u\000m\000e\000n\000t\000a\000t\000i\000o\000n}{}% 85
\BOOKMARK [1][-]{section.6.1}{\376\377\0006\000.\0001\000\040\000G\000a\000m\000e\000\040\000C\000l\000a\000s\000s\000\040\000R\000e\000f\000e\000r\000e\000n\000c\000e}{chapter.6}% 86
\BOOKMARK [2][-]{subsection.6.1.1}{\376\377\0006\000.\0001\000.\0001\000\040\000C\000o\000n\000s\000t\000r\000u\000c\000t\000o\000r\000\040\000\046\000\040\000D\000e\000s\000t\000r\000u\000c\000t\000o\000r\000\040\000D\000o\000c\000u\000m\000e\000n\000t\000a\000t\000i\000o\000n}{section.6.1}% 87
\BOOKMARK [3][-]{subsubsection.6.1.1.1}{\376\377\0006\000.\0001\000.\0001\000.\0001\000\040\000\137\000\137\000i\000n\000i\000t\000\137\000\137\000\050\000\051}{subsection.6.1.1}% 88
\BOOKMARK [2][-]{subsection.6.1.2}{\376\377\0006\000.\0001\000.\0002\000\040\000M\000e\000m\000b\000e\000r\000\040\000F\000u\000n\000c\000t\000i\000o\000n\000\040\000D\000o\000c\000u\000m\000e\000n\000t\000a\000t\000i\000o\000n}{section.6.1}% 89
\BOOKMARK [3][-]{subsubsection.6.1.2.1}{\376\377\0006\000.\0001\000.\0002\000.\0001\000\040\000g\000e\000t\000P\000l\000a\000y\000e\000r\0001\000N\000a\000m\000e\000\050\000\051}{subsection.6.1.2}% 90
\BOOKMARK [3][-]{subsubsection.6.1.2.2}{\376\377\0006\000.\0001\000.\0002\000.\0002\000\040\000g\000e\000t\000P\000l\000a\000y\000e\000r\0002\000N\000a\000m\000e\000\050\000\051}{subsection.6.1.2}% 91
\BOOKMARK [3][-]{subsubsection.6.1.2.3}{\376\377\0006\000.\0001\000.\0002\000.\0003\000\040\000s\000t\000a\000r\000t\000G\000a\000m\000e\000\050\000\051}{subsection.6.1.2}% 92
\BOOKMARK [2][-]{subsection.6.1.3}{\376\377\0006\000.\0001\000.\0003\000\040\000F\000i\000e\000l\000d\000\040\000D\000o\000c\000u\000m\000e\000n\000t\000a\000t\000i\000o\000n}{section.6.1}% 93
\BOOKMARK [3][-]{subsubsection.6.1.3.1}{\376\377\0006\000.\0001\000.\0003\000.\0001\000\040\000c\000o\000u\000n\000t\000d\000o\000w\000n}{subsection.6.1.3}% 94
\BOOKMARK [3][-]{subsubsection.6.1.3.2}{\376\377\0006\000.\0001\000.\0003\000.\0002\000\040\000G\000a\000m\000e\000M\000o\000d\000e}{subsection.6.1.3}% 95
\BOOKMARK [3][-]{subsubsection.6.1.3.3}{\376\377\0006\000.\0001\000.\0003\000.\0003\000\040\000l\000i\000g\000h\000t\000M\000o\000d\000e}{subsection.6.1.3}% 96
\BOOKMARK [3][-]{subsubsection.6.1.3.4}{\376\377\0006\000.\0001\000.\0003\000.\0004\000\040\000p\0001}{subsection.6.1.3}% 97
\BOOKMARK [3][-]{subsubsection.6.1.3.5}{\376\377\0006\000.\0001\000.\0003\000.\0005\000\040\000p\0002}{subsection.6.1.3}% 98
\BOOKMARK [3][-]{subsubsection.6.1.3.6}{\376\377\0006\000.\0001\000.\0003\000.\0006\000\040\000p\000l\000a\000y\000e\000r\0001}{subsection.6.1.3}% 99
\BOOKMARK [3][-]{subsubsection.6.1.3.7}{\376\377\0006\000.\0001\000.\0003\000.\0007\000\040\000p\000l\000a\000y\000e\000r\0002}{subsection.6.1.3}% 100
\BOOKMARK [1][-]{section.6.2}{\376\377\0006\000.\0002\000\040\000p\000l\000a\000y\000e\000r\000\040\000C\000l\000a\000s\000s\000\040\000R\000e\000f\000e\000r\000e\000n\000c\000e}{chapter.6}% 101
\BOOKMARK [2][-]{subsection.6.2.1}{\376\377\0006\000.\0002\000.\0001\000\040\000C\000o\000n\000s\000t\000r\000u\000c\000t\000o\000r\000\040\000\046\000\040\000D\000e\000s\000t\000r\000u\000c\000t\000o\000r\000\040\000D\000o\000c\000u\000m\000e\000n\000t\000a\000t\000i\000o\000n}{section.6.2}% 102
\BOOKMARK [3][-]{subsubsection.6.2.1.1}{\376\377\0006\000.\0002\000.\0001\000.\0001\000\040\000\137\000\137\000i\000n\000i\000t\000\137\000\137\000\050\000\051}{subsection.6.2.1}% 103
\BOOKMARK [2][-]{subsection.6.2.2}{\376\377\0006\000.\0002\000.\0002\000\040\000M\000e\000m\000b\000e\000r\000\040\000F\000u\000n\000c\000t\000i\000o\000n\000\040\000D\000o\000c\000u\000m\000e\000n\000t\000a\000t\000i\000o\000n}{section.6.2}% 104
\BOOKMARK [3][-]{subsubsection.6.2.2.1}{\376\377\0006\000.\0002\000.\0002\000.\0001\000\040\000e\000n\000d\000G\000a\000m\000e\000\050\000\051}{subsection.6.2.2}% 105
\BOOKMARK [3][-]{subsubsection.6.2.2.2}{\376\377\0006\000.\0002\000.\0002\000.\0002\000\040\000g\000e\000t\000B\000a\000l\000l\000s\000\050\000\051}{subsection.6.2.2}% 106
\BOOKMARK [3][-]{subsubsection.6.2.2.3}{\376\377\0006\000.\0002\000.\0002\000.\0003\000\040\000g\000e\000t\000N\000a\000m\000e\000\050\000\051}{subsection.6.2.2}% 107
\BOOKMARK [3][-]{subsubsection.6.2.2.4}{\376\377\0006\000.\0002\000.\0002\000.\0004\000\040\000s\000e\000t\000A\000l\000l\000B\000a\000l\000l\000s\000L\000e\000d\000s\000\050\000\051}{subsection.6.2.2}% 108
\BOOKMARK [3][-]{subsubsection.6.2.2.5}{\376\377\0006\000.\0002\000.\0002\000.\0005\000\040\000s\000e\000t\000B\000a\000l\000l\000s\000\050\000\051}{subsection.6.2.2}% 109
\BOOKMARK [3][-]{subsubsection.6.2.2.6}{\376\377\0006\000.\0002\000.\0002\000.\0006\000\040\000s\000e\000t\000B\000r\000i\000l\000C\000o\000l\000o\000r\000\050\000\051}{subsection.6.2.2}% 110
\BOOKMARK [3][-]{subsubsection.6.2.2.7}{\376\377\0006\000.\0002\000.\0002\000.\0007\000\040\000s\000t\000a\000r\000t\000T\000i\000m\000e\000\050\000\051}{subsection.6.2.2}% 111
\BOOKMARK [3][-]{subsubsection.6.2.2.8}{\376\377\0006\000.\0002\000.\0002\000.\0008\000\040\000t\000i\000m\000e\000L\000o\000o\000p\000i\000n\000g\000\050\000\051}{subsection.6.2.2}% 112
\BOOKMARK [3][-]{subsubsection.6.2.2.9}{\376\377\0006\000.\0002\000.\0002\000.\0009\000\040\000u\000p\000d\000a\000t\000e\000L\000o\000o\000p\000i\000n\000g\000\050\000\051}{subsection.6.2.2}% 113
\BOOKMARK [3][-]{subsubsection.6.2.2.10}{\376\377\0006\000.\0002\000.\0002\000.\0001\0000\000\040\000w\000r\000i\000t\000e\000T\000o\000S\000q\000l\000\050\000\051}{subsection.6.2.2}% 114
\BOOKMARK [2][-]{subsection.6.2.3}{\376\377\0006\000.\0002\000.\0003\000\040\000F\000i\000e\000l\000d\000\040\000D\000o\000c\000u\000m\000e\000n\000t\000a\000t\000i\000o\000n}{section.6.2}% 115
\BOOKMARK [3][-]{subsubsection.6.2.3.1}{\376\377\0006\000.\0002\000.\0003\000.\0001\000\040\000b\000a\000l\000l\000s}{subsection.6.2.3}% 116
\BOOKMARK [3][-]{subsubsection.6.2.3.2}{\376\377\0006\000.\0002\000.\0003\000.\0002\000\040\000b\000l\000i\000n\000k\000B\000r\000i\000l}{subsection.6.2.3}% 117
\BOOKMARK [3][-]{subsubsection.6.2.3.3}{\376\377\0006\000.\0002\000.\0003\000.\0003\000\040\000b\000l\000i\000n\000k\000O\000n}{subsection.6.2.3}% 118
\BOOKMARK [3][-]{subsubsection.6.2.3.4}{\376\377\0006\000.\0002\000.\0003\000.\0004\000\040\000b\000r\000i\000l\000k\000l\000e\000u\000r}{subsection.6.2.3}% 119
\BOOKMARK [3][-]{subsubsection.6.2.3.5}{\376\377\0006\000.\0002\000.\0003\000.\0005\000\040\000g\000a\000m\000e}{subsection.6.2.3}% 120
\BOOKMARK [3][-]{subsubsection.6.2.3.6}{\376\377\0006\000.\0002\000.\0003\000.\0006\000\040\000G\000a\000m\000e\000M\000o\000d\000e}{subsection.6.2.3}% 121
\BOOKMARK [3][-]{subsubsection.6.2.3.7}{\376\377\0006\000.\0002\000.\0003\000.\0007\000\040\000h\000o\000l\000e\000s\000c\000o\000r\000e\000s}{subsection.6.2.3}% 122
\BOOKMARK [3][-]{subsubsection.6.2.3.8}{\376\377\0006\000.\0002\000.\0003\000.\0008\000\040\000L\000i\000g\000h\000t\000M\000o\000d\000e}{subsection.6.2.3}% 123
\BOOKMARK [3][-]{subsubsection.6.2.3.9}{\376\377\0006\000.\0002\000.\0003\000.\0009\000\040\000m\000a\000x\000T\000i\000m\000e}{subsection.6.2.3}% 124
\BOOKMARK [3][-]{subsubsection.6.2.3.10}{\376\377\0006\000.\0002\000.\0003\000.\0001\0000\000\040\000N\000a\000m\000e}{subsection.6.2.3}% 125
\BOOKMARK [3][-]{subsubsection.6.2.3.11}{\376\377\0006\000.\0002\000.\0003\000.\0001\0001\000\040\000p\000i\000n}{subsection.6.2.3}% 126
\BOOKMARK [3][-]{subsubsection.6.2.3.12}{\376\377\0006\000.\0002\000.\0003\000.\0001\0002\000\040\000p\000o\000i\000n\000t\000s}{subsection.6.2.3}% 127
\BOOKMARK [3][-]{subsubsection.6.2.3.13}{\376\377\0006\000.\0002\000.\0003\000.\0001\0003\000\040\000s\000t\000r\000e\000s\000s}{subsection.6.2.3}% 128
\BOOKMARK [3][-]{subsubsection.6.2.3.14}{\376\377\0006\000.\0002\000.\0003\000.\0001\0004\000\040\000t\000i\000m\000e}{subsection.6.2.3}% 129
\BOOKMARK [3][-]{subsubsection.6.2.3.15}{\376\377\0006\000.\0002\000.\0003\000.\0001\0005\000\040\000t\000i\000m\000e\000t\000h\000r\000e\000a\000d}{subsection.6.2.3}% 130
\BOOKMARK [3][-]{subsubsection.6.2.3.16}{\376\377\0006\000.\0002\000.\0003\000.\0001\0006\000\040\000u\000p\000d\000a\000t\000e\000l\000o\000o\000p}{subsection.6.2.3}% 131
\BOOKMARK [3][-]{subsubsection.6.2.3.17}{\376\377\0006\000.\0002\000.\0003\000.\0001\0007\000\040\000u\000p\000d\000a\000t\000e\000t\000h\000r\000e\000a\000d}{subsection.6.2.3}% 132
\BOOKMARK [1][-]{section.6.3}{\376\377\0006\000.\0003\000\040\000S\000e\000r\000v\000e\000r\000S\000e\000n\000t\000E\000v\000e\000n\000t\000\040\000C\000l\000a\000s\000s\000\040\000R\000e\000f\000e\000r\000e\000n\000c\000e}{chapter.6}% 133
\BOOKMARK [2][-]{subsection.6.3.1}{\376\377\0006\000.\0003\000.\0001\000\040\000C\000o\000n\000s\000t\000r\000u\000c\000t\000o\000r\000\040\000\046\000\040\000D\000e\000s\000t\000r\000u\000c\000t\000o\000r\000\040\000D\000o\000c\000u\000m\000e\000n\000t\000a\000t\000i\000o\000n}{section.6.3}% 134
\BOOKMARK [3][-]{subsubsection.6.3.1.1}{\376\377\0006\000.\0003\000.\0001\000.\0001\000\040\000\137\000\137\000i\000n\000i\000t\000\137\000\137\000\050\000\051}{subsection.6.3.1}% 135
\BOOKMARK [2][-]{subsection.6.3.2}{\376\377\0006\000.\0003\000.\0002\000\040\000M\000e\000m\000b\000e\000r\000\040\000F\000u\000n\000c\000t\000i\000o\000n\000\040\000D\000o\000c\000u\000m\000e\000n\000t\000a\000t\000i\000o\000n}{section.6.3}% 136
\BOOKMARK [3][-]{subsubsection.6.3.2.1}{\376\377\0006\000.\0003\000.\0002\000.\0001\000\040\000e\000n\000c\000o\000d\000e\000\050\000\051}{subsection.6.3.2}% 137
\BOOKMARK [2][-]{subsection.6.3.3}{\376\377\0006\000.\0003\000.\0003\000\040\000F\000i\000e\000l\000d\000\040\000D\000o\000c\000u\000m\000e\000n\000t\000a\000t\000i\000o\000n}{section.6.3}% 138
\BOOKMARK [3][-]{subsubsection.6.3.3.1}{\376\377\0006\000.\0003\000.\0003\000.\0001\000\040\000d\000a\000t\000a}{subsection.6.3.3}% 139
\BOOKMARK [3][-]{subsubsection.6.3.3.2}{\376\377\0006\000.\0003\000.\0003\000.\0002\000\040\000d\000e\000s\000c\000\137\000m\000a\000p}{subsection.6.3.3}% 140
\BOOKMARK [3][-]{subsubsection.6.3.3.3}{\376\377\0006\000.\0003\000.\0003\000.\0003\000\040\000e\000v\000e\000n\000t}{subsection.6.3.3}% 141
\BOOKMARK [3][-]{subsubsection.6.3.3.4}{\376\377\0006\000.\0003\000.\0003\000.\0004\000\040\000i\000d}{subsection.6.3.3}% 142
\BOOKMARK [3][-]{subsubsection.6.3.3.5}{\376\377\0006\000.\0003\000.\0003\000.\0005\000\040\000r\000e\000t\000r\000y}{subsection.6.3.3}% 143
\BOOKMARK [0][-]{chapter.7}{\376\377\0007\000\040\000F\000i\000l\000e\000\040\000D\000o\000c\000u\000m\000e\000n\000t\000a\000t\000i\000o\000n}{}% 144
\BOOKMARK [1][-]{section.7.1}{\376\377\0007\000.\0001\000\040\000/\000h\000o\000m\000e\000/\000p\000i\000e\000t\000e\000r\000-\000j\000a\000n\000/\000D\000r\000o\000p\000b\000o\000x\000/\000S\000c\000h\000o\000o\000l\000/\0002\0000\0001\0006\000-\0002\0000\0001\0007\000/\000E\000m\000b\000e\000d\000d\000e\000d\000\040\000p\000r\000o\000t\000o\000t\000y\000p\000i\000n\000g\000/\000P\000y\000t\000h\000o\000n\000/\000\137\000\137\000m\000a\000i\000n\000\137\000\137\000.\000p\000y\000\040\000F\000i\000l\000e\000\040\000R\000e\000f\000e\000r\000e\000n\000c\000e}{chapter.7}% 145
\BOOKMARK [1][-]{section.7.2}{\376\377\0007\000.\0002\000\040\000/\000h\000o\000m\000e\000/\000p\000i\000e\000t\000e\000r\000-\000j\000a\000n\000/\000D\000r\000o\000p\000b\000o\000x\000/\000S\000c\000h\000o\000o\000l\000/\0002\0000\0001\0006\000-\0002\0000\0001\0007\000/\000E\000m\000b\000e\000d\000d\000e\000d\000\040\000p\000r\000o\000t\000o\000t\000y\000p\000i\000n\000g\000/\000P\000y\000t\000h\000o\000n\000/\000g\000a\000m\000e\000/\000\137\000\137\000i\000n\000i\000t\000\137\000\137\000.\000p\000y\000\040\000F\000i\000l\000e\000\040\000R\000e\000f\000e\000r\000e\000n\000c\000e}{chapter.7}% 146
\BOOKMARK [1][-]{section.7.3}{\376\377\0007\000.\0003\000\040\000/\000h\000o\000m\000e\000/\000p\000i\000e\000t\000e\000r\000-\000j\000a\000n\000/\000D\000r\000o\000p\000b\000o\000x\000/\000S\000c\000h\000o\000o\000l\000/\0002\0000\0001\0006\000-\0002\0000\0001\0007\000/\000E\000m\000b\000e\000d\000d\000e\000d\000\040\000p\000r\000o\000t\000o\000t\000y\000p\000i\000n\000g\000/\000P\000y\000t\000h\000o\000n\000/\000g\000a\000m\000e\000/\000g\000a\000m\000e\000.\000p\000y\000\040\000F\000i\000l\000e\000\040\000R\000e\000f\000e\000r\000e\000n\000c\000e}{chapter.7}% 147
\BOOKMARK [1][-]{section.7.4}{\376\377\0007\000.\0004\000\040\000/\000h\000o\000m\000e\000/\000p\000i\000e\000t\000e\000r\000-\000j\000a\000n\000/\000D\000r\000o\000p\000b\000o\000x\000/\000S\000c\000h\000o\000o\000l\000/\0002\0000\0001\0006\000-\0002\0000\0001\0007\000/\000E\000m\000b\000e\000d\000d\000e\000d\000\040\000p\000r\000o\000t\000o\000t\000y\000p\000i\000n\000g\000/\000P\000y\000t\000h\000o\000n\000/\000g\000a\000m\000e\000/\000i\0002\000c\000.\000p\000y\000\040\000F\000i\000l\000e\000\040\000R\000e\000f\000e\000r\000e\000n\000c\000e}{chapter.7}% 148
\BOOKMARK [1][-]{section.7.5}{\376\377\0007\000.\0005\000\040\000/\000h\000o\000m\000e\000/\000p\000i\000e\000t\000e\000r\000-\000j\000a\000n\000/\000D\000r\000o\000p\000b\000o\000x\000/\000S\000c\000h\000o\000o\000l\000/\0002\0000\0001\0006\000-\0002\0000\0001\0007\000/\000E\000m\000b\000e\000d\000d\000e\000d\000\040\000p\000r\000o\000t\000o\000t\000y\000p\000i\000n\000g\000/\000P\000y\000t\000h\000o\000n\000/\000g\000a\000m\000e\000/\000P\000l\000a\000y\000e\000r\000.\000p\000y\000\040\000F\000i\000l\000e\000\040\000R\000e\000f\000e\000r\000e\000n\000c\000e}{chapter.7}% 149
\BOOKMARK [1][-]{section.7.6}{\376\377\0007\000.\0006\000\040\000/\000h\000o\000m\000e\000/\000p\000i\000e\000t\000e\000r\000-\000j\000a\000n\000/\000D\000r\000o\000p\000b\000o\000x\000/\000S\000c\000h\000o\000o\000l\000/\0002\0000\0001\0006\000-\0002\0000\0001\0007\000/\000E\000m\000b\000e\000d\000d\000e\000d\000\040\000p\000r\000o\000t\000o\000t\000y\000p\000i\000n\000g\000/\000P\000y\000t\000h\000o\000n\000/\000w\000e\000b\000B\000a\000c\000k\000.\000p\000y\000\040\000F\000i\000l\000e\000\040\000R\000e\000f\000e\000r\000e\000n\000c\000e}{chapter.7}% 150
